# JRE version: 7.0_25-b15
# Java VM: Java HotSpot(TM) 64-Bit Server VM (23.25-b01 mixed mode bsd-amd64 compressed oops)
Heap
 PSYoungGen      total 318720K, used 10418K [0x00000007eaab0000, 0x0000000800000000, 0x0000000800000000)
  eden space 287104K, 3% used [0x00000007eaab0000,0x00000007eb4dcb28,0x00000007fc310000)
  from space 31616K, 0% used [0x00000007fe120000,0x00000007fe120000,0x0000000800000000)
  to   space 30784K, 0% used [0x00000007fc310000,0x00000007fc310000,0x00000007fe120000)
 ParOldGen       total 87424K, used 42347K [0x00000007c0000000, 0x00000007c5560000, 0x00000007eaab0000)
  object space 87424K, 48% used [0x00000007c0000000,0x00000007c295acf0,0x00000007c5560000)
 PSPermGen       total 83968K, used 50344K [0x00000007bae00000, 0x00000007c0000000, 0x00000007c0000000)
  object space 83968K, 59% used [0x00000007bae00000,0x00000007bdf2a3f8,0x00000007c0000000)
GC Heap History (10 events):
Event: 322.883 GC heap before
{Heap before GC invocations=19 (full 5):
 PSYoungGen      total 317056K, used 128K [0x00000007eaab0000, 0x0000000800000000, 0x0000000800000000)
  eden space 284416K, 0% used [0x00000007eaab0000,0x00000007eaab0000,0x00000007fc070000)
  from space 32640K, 0% used [0x00000007fe020000,0x00000007fe040000,0x0000000800000000)
  to   space 32448K, 0% used [0x00000007fc070000,0x00000007fc070000,0x00000007fe020000)
 ParOldGen       total 87424K, used 41914K [0x00000007c0000000, 0x00000007c5560000, 0x00000007eaab0000)
  object space 87424K, 47% used [0x00000007c0000000,0x00000007c28ee978,0x00000007c5560000)
 PSPermGen       total 83968K, used 50283K [0x00000007bae00000, 0x00000007c0000000, 0x00000007c0000000)
  object space 83968K, 59% used [0x00000007bae00000,0x00000007bdf1ae68,0x00000007c0000000)
Event: 323.011 GC heap after
Heap after GC invocations=19 (full 5):
 PSYoungGen      total 317056K, used 0K [0x00000007eaab0000, 0x0000000800000000, 0x0000000800000000)
  eden space 284416K, 0% used [0x00000007eaab0000,0x00000007eaab0000,0x00000007fc070000)
  from space 32640K, 0% used [0x00000007fe020000,0x00000007fe020000,0x0000000800000000)
  to   space 32448K, 0% used [0x00000007fc070000,0x00000007fc070000,0x00000007fe020000)
 ParOldGen       total 87424K, used 41830K [0x00000007c0000000, 0x00000007c5560000, 0x00000007eaab0000)
  object space 87424K, 47% used [0x00000007c0000000,0x00000007c28d9ba0,0x00000007c5560000)
 PSPermGen       total 83968K, used 50283K [0x00000007bae00000, 0x00000007c0000000, 0x00000007c0000000)
  object space 83968K, 59% used [0x00000007bae00000,0x00000007bdf1ade8,0x00000007c0000000)
}
Event: 382.881 GC heap before
{Heap before GC invocations=20 (full 5):
 PSYoungGen      total 317056K, used 45197K [0x00000007eaab0000, 0x0000000800000000, 0x0000000800000000)
  eden space 284416K, 15% used [0x00000007eaab0000,0x00000007ed6d34b0,0x00000007fc070000)
  from space 32640K, 0% used [0x00000007fe020000,0x00000007fe020000,0x0000000800000000)
  to   space 32448K, 0% used [0x00000007fc070000,0x00000007fc070000,0x00000007fe020000)
 ParOldGen       total 87424K, used 41830K [0x00000007c0000000, 0x00000007c5560000, 0x00000007eaab0000)
  object space 87424K, 47% used [0x00000007c0000000,0x00000007c28d9ba0,0x00000007c5560000)
 PSPermGen       total 83968K, used 50316K [0x00000007bae00000, 0x00000007c0000000, 0x00000007c0000000)
  object space 83968K, 59% used [0x00000007bae00000,0x00000007bdf231f0,0x00000007c0000000)
Event: 382.888 GC heap after
Heap after GC invocations=20 (full 5):
 PSYoungGen      total 316864K, used 2016K [0x00000007eaab0000, 0x0000000800000000, 0x0000000800000000)
  eden space 284416K, 0% used [0x00000007eaab0000,0x00000007eaab0000,0x00000007fc070000)
  from space 32448K, 6% used [0x00000007fc070000,0x00000007fc268010,0x00000007fe020000)
  to   space 31616K, 0% used [0x00000007fe120000,0x00000007fe120000,0x0000000800000000)
 ParOldGen       total 87424K, used 41830K [0x00000007c0000000, 0x00000007c5560000, 0x00000007eaab0000)
  object space 87424K, 47% used [0x00000007c0000000,0x00000007c28d9ba0,0x00000007c5560000)
 PSPermGen       total 83968K, used 50316K [0x00000007bae00000, 0x00000007c0000000, 0x00000007c0000000)
  object space 83968K, 59% used [0x00000007bae00000,0x00000007bdf231f0,0x00000007c0000000)
}
Event: 382.888 GC heap before
{Heap before GC invocations=21 (full 6):
 PSYoungGen      total 316864K, used 2016K [0x00000007eaab0000, 0x0000000800000000, 0x0000000800000000)
  eden space 284416K, 0% used [0x00000007eaab0000,0x00000007eaab0000,0x00000007fc070000)
  from space 32448K, 6% used [0x00000007fc070000,0x00000007fc268010,0x00000007fe020000)
  to   space 31616K, 0% used [0x00000007fe120000,0x00000007fe120000,0x0000000800000000)
 ParOldGen       total 87424K, used 41830K [0x00000007c0000000, 0x00000007c5560000, 0x00000007eaab0000)
  object space 87424K, 47% used [0x00000007c0000000,0x00000007c28d9ba0,0x00000007c5560000)
 PSPermGen       total 83968K, used 50316K [0x00000007bae00000, 0x00000007c0000000, 0x00000007c0000000)
  object space 83968K, 59% used [0x00000007bae00000,0x00000007bdf231f0,0x00000007c0000000)
Event: 383.036 GC heap after
Heap after GC invocations=21 (full 6):
 PSYoungGen      total 316864K, used 0K [0x00000007eaab0000, 0x0000000800000000, 0x0000000800000000)
  eden space 284416K, 0% used [0x00000007eaab0000,0x00000007eaab0000,0x00000007fc070000)
  from space 32448K, 0% used [0x00000007fc070000,0x00000007fc070000,0x00000007fe020000)
  to   space 31616K, 0% used [0x00000007fe120000,0x00000007fe120000,0x0000000800000000)
 ParOldGen       total 87424K, used 42358K [0x00000007c0000000, 0x00000007c5560000, 0x00000007eaab0000)
  object space 87424K, 48% used [0x00000007c0000000,0x00000007c295db88,0x00000007c5560000)
 PSPermGen       total 83968K, used 50316K [0x00000007bae00000, 0x00000007c0000000, 0x00000007c0000000)
  object space 83968K, 59% used [0x00000007bae00000,0x00000007bdf23110,0x00000007c0000000)
}
Event: 442.883 GC heap before
{Heap before GC invocations=22 (full 6):
 PSYoungGen      total 316864K, used 43717K [0x00000007eaab0000, 0x0000000800000000, 0x0000000800000000)
  eden space 284416K, 15% used [0x00000007eaab0000,0x00000007ed561480,0x00000007fc070000)
  from space 32448K, 0% used [0x00000007fc070000,0x00000007fc070000,0x00000007fe020000)
  to   space 31616K, 0% used [0x00000007fe120000,0x00000007fe120000,0x0000000800000000)
 ParOldGen       total 87424K, used 42358K [0x00000007c0000000, 0x00000007c5560000, 0x00000007eaab0000)
  object space 87424K, 48% used [0x00000007c0000000,0x00000007c295db88,0x00000007c5560000)
 PSPermGen       total 83968K, used 50323K [0x00000007bae00000, 0x00000007c0000000, 0x00000007c0000000)
  object space 83968K, 59% used [0x00000007bae00000,0x00000007bdf24fb8,0x00000007c0000000)
Event: 442.887 GC heap after
Heap after GC invocations=22 (full 6):
 PSYoungGen      total 318720K, used 1568K [0x00000007eaab0000, 0x0000000800000000, 0x0000000800000000)
  eden space 287104K, 0% used [0x00000007eaab0000,0x00000007eaab0000,0x00000007fc310000)
  from space 31616K, 4% used [0x00000007fe120000,0x00000007fe2a8010,0x0000000800000000)
  to   space 30784K, 0% used [0x00000007fc310000,0x00000007fc310000,0x00000007fe120000)
 ParOldGen       total 87424K, used 42358K [0x00000007c0000000, 0x00000007c5560000, 0x00000007eaab0000)
  object space 87424K, 48% used [0x00000007c0000000,0x00000007c295db88,0x00000007c5560000)
 PSPermGen       total 83968K, used 50323K [0x00000007bae00000, 0x00000007c0000000, 0x00000007c0000000)
  object space 83968K, 59% used [0x00000007bae00000,0x00000007bdf24fb8,0x00000007c0000000)
}
Event: 442.887 GC heap before
{Heap before GC invocations=23 (full 7):
 PSYoungGen      total 318720K, used 1568K [0x00000007eaab0000, 0x0000000800000000, 0x0000000800000000)
  eden space 287104K, 0% used [0x00000007eaab0000,0x00000007eaab0000,0x00000007fc310000)
  from space 31616K, 4% used [0x00000007fe120000,0x00000007fe2a8010,0x0000000800000000)
  to   space 30784K, 0% used [0x00000007fc310000,0x00000007fc310000,0x00000007fe120000)
 ParOldGen       total 87424K, used 42358K [0x00000007c0000000, 0x00000007c5560000, 0x00000007eaab0000)
  object space 87424K, 48% used [0x00000007c0000000,0x00000007c295db88,0x00000007c5560000)
 PSPermGen       total 83968K, used 50323K [0x00000007bae00000, 0x00000007c0000000, 0x00000007c0000000)
  object space 83968K, 59% used [0x00000007bae00000,0x00000007bdf24fb8,0x00000007c0000000)
Event: 443.044 GC heap after
Heap after GC invocations=23 (full 7):
 PSYoungGen      total 318720K, used 0K [0x00000007eaab0000, 0x0000000800000000, 0x0000000800000000)
  eden space 287104K, 0% used [0x00000007eaab0000,0x00000007eaab0000,0x00000007fc310000)
  from space 31616K, 0% used [0x00000007fe120000,0x00000007fe120000,0x0000000800000000)
  to   space 30784K, 0% used [0x00000007fc310000,0x00000007fc310000,0x00000007fe120000)
 ParOldGen       total 87424K, used 42347K [0x00000007c0000000, 0x00000007c5560000, 0x00000007eaab0000)
  object space 87424K, 48% used [0x00000007c0000000,0x00000007c295acf0,0x00000007c5560000)
 PSPermGen       total 83968K, used 50323K [0x00000007bae00000, 0x00000007c0000000, 0x00000007c0000000)
  object space 83968K, 59% used [0x00000007bae00000,0x00000007bdf24ef8,0x00000007c0000000)
}

